<?xml version="1.0" encoding="UTF-8"?>
<!-- Generated by org.testng.reporters.JUnitReportReporter -->
<testsuite hostname="DESKTOP-98E3OTK" failures="0" tests="5" name="runner.TestRunner1" time="182.029" errors="0" timestamp="30 May 2019 20:37:46 GMT" skipped="0">
  <testcase classname="runner.TestRunner1" name="feature" time="31.720"/>
  <testcase classname="runner.TestRunner1" name="feature" time="33.674"/>
  <testcase classname="runner.TestRunner1" name="feature" time="43.349"/>
  <testcase classname="runner.TestRunner1" name="feature" time="40.806"/>
  <testcase classname="runner.TestRunner1" name="feature" time="32.480"/>
</testsuite> <!-- runner.TestRunner1 -->
