<?xml version="1.0" encoding="UTF-8"?>
<!-- Generated by org.testng.reporters.JUnitReportReporter -->
<testsuite hostname="DESKTOP-98E3OTK" failures="0" tests="5" name="runner.TestRunner2" time="120.944" errors="0" timestamp="30 May 2019 08:49:03 GMT" skipped="0">
  <testcase classname="runner.TestRunner2" name="feature" time="46.308"/>
  <testcase classname="runner.TestRunner2" name="feature" time="16.687"/>
  <testcase classname="runner.TestRunner2" name="feature" time="25.353"/>
  <testcase classname="runner.TestRunner2" name="feature" time="14.690"/>
  <testcase classname="runner.TestRunner2" name="feature" time="17.906"/>
</testsuite> <!-- runner.TestRunner2 -->
